#
# There is insufficient memory for the Java Runtime Environment to continue.
# Native memory allocation (mmap) failed to map 117440512 bytes for G1 virtual space
# Possible reasons:
#   The system is out of physical RAM or swap space
#   The process is running with CompressedOops enabled, and the Java Heap may be blocking the growth of the native heap
# Possible solutions:
#   Reduce memory load on the system
#   Increase physical memory or swap space
#   Check if swap backing store is full
#   Decrease Java heap size (-Xmx/-Xms)
#   Decrease number of Java threads
#   Decrease Java thread stack sizes (-Xss)
#   Set larger code cache with -XX:ReservedCodeCacheSize=
#   JVM is running with Unscaled Compressed Oops mode in which the Java heap is
#     placed in the first 4GB address space. The Java Heap base address is the
#     maximum limit for the native heap growth. Please use -XX:HeapBaseMinAddress
#     to set the Java Heap base and to place the Java Heap above 4GB virtual address.
# This output file may be truncated or incomplete.
#
#  Out of Memory Error (os_windows.cpp:3528), pid=5616, tid=11552
#
# JRE version:  (20.0.2.1+10) (build )
# Java VM: OpenJDK 64-Bit Server VM (20.0.2.1+10-FR, mixed mode, emulated-client, sharing, tiered, compressed oops, compressed class ptrs, g1 gc, windows-amd64)
# No core dump will be written. Minidumps are not enabled by default on client versions of Windows
#

---------------  S U M M A R Y ------------

Command Line: -XX:TieredStopAtLevel=1 -Dspring.output.ansi.enabled=always -Dcom.sun.management.jmxremote -Dspring.jmx.enabled=true -Dspring.liveBeansView.mbeanDomain -Dspring.application.admin.enabled=true -Dmanagement.endpoints.jmx.exposure.include=* -javaagent:C:\Program Files\JetBrains\IntelliJ IDEA 2023.2.5\lib\idea_rt.jar=58653:C:\Program Files\JetBrains\IntelliJ IDEA 2023.2.5\bin -Dfile.encoding=UTF-8 -Dsun.stdout.encoding=UTF-8 -Dsun.stderr.encoding=UTF-8 com.example.backend.BackendApplication

Host: AMD Ryzen 5 2500U with Radeon Vega Mobile Gfx  , 8 cores, 6G,  Windows 10 , 64 bit Build 19041 (10.0.19041.3031)
Time: Wed Nov 29 18:31:39 2023 Hora est. Pacífico, Sudamérica elapsed time: 0.013545 seconds (0d 0h 0m 0s)

---------------  T H R E A D  ---------------

Current thread (0x0000024e91ed7cb0):  JavaThread "Unknown thread" [_thread_in_vm, id=11552, stack(0x000000622b000000,0x000000622b100000)]

Stack: [0x000000622b000000,0x000000622b100000]
Native frames: (J=compiled Java code, j=interpreted, Vv=VM code, C=native code)
V  [jvm.dll+0x6ba11a]
V  [jvm.dll+0x8968da]
V  [jvm.dll+0x898665]
V  [jvm.dll+0x898d53]
V  [jvm.dll+0x27f9ff]
V  [jvm.dll+0x6b6f69]
V  [jvm.dll+0x6abe7a]
V  [jvm.dll+0x358ce5]
V  [jvm.dll+0x360e46]
V  [jvm.dll+0x3b19fe]
V  [jvm.dll+0x3b1c85]
V  [jvm.dll+0x329d4a]
V  [jvm.dll+0x32ab6b]
V  [jvm.dll+0x86014f]
V  [jvm.dll+0x3be8d1]
V  [jvm.dll+0x84bc93]
V  [jvm.dll+0x44a22f]
V  [jvm.dll+0x44bcc1]
C  [jli.dll+0x525c]
C  [ucrtbase.dll+0x21bb2]
C  [KERNEL32.DLL+0x17614]
C  [ntdll.dll+0x526f1]


---------------  P R O C E S S  ---------------

Threads class SMR info:
_java_thread_list=0x00007fff6a57e658, length=0, elements={
}

Java Threads: ( => current thread )

Other Threads:
  0x0000024e91f2ddc0 WorkerThread "GC Thread#0" [stack: 0x000000622b100000,0x000000622b200000] [id=7000]
  0x0000024e91f3ca80 ConcurrentGCThread "G1 Main Marker" [stack: 0x000000622b200000,0x000000622b300000] [id=2092]
  0x0000024e91f3db60 WorkerThread "G1 Conc#0" [stack: 0x000000622b300000,0x000000622b400000] [id=10844]

[error occurred during error reporting (printing all threads), id 0xc0000005, EXCEPTION_ACCESS_VIOLATION (0xc0000005) at pc=0x00007fff69cfca97]
VM state: not at safepoint (not fully initialized)

VM Mutex/Monitor currently owned by a thread:  ([mutex/lock_event])
[0x0000024e91ed1ed0] Heap_lock - owner thread: 0x0000024e91ed7cb0

Heap address: 0x0000000091800000, size: 1768 MB, Compressed Oops mode: 32-bit

CDS archive(s) mapped at: [0x0000000000000000-0x0000000000000000-0x0000000000000000), size 0, SharedBaseAddress: 0x0000000800000000, ArchiveRelocationMode: 1.
Narrow klass base: 0x0000000000000000, Narrow klass shift: 0, Narrow klass range: 0x0

GC Precious Log:
 CardTable entry size: 512
 Card Set container configuration: InlinePtr #cards 5 size 8 Array Of Cards #cards 12 size 40 Howl #buckets 4 coarsen threshold 1843 Howl Bitmap #cards 512 size 80 coarsen threshold 460 Card regions per heap region 1 cards per card region 2048

Heap:
 garbage-first heap   total 0K, used 0K [0x0000000091800000, 0x0000000100000000)
  region size 1024K, 0 young (0K), 0 survivors (0K)

[error occurred during error reporting (printing heap information), id 0xc0000005, EXCEPTION_ACCESS_VIOLATION (0xc0000005) at pc=0x00007fff6a0d2409]
GC Heap History (0 events):
No events

Dll operation events (1 events):
Event: 0.009 Loaded shared library C:\Users\CMGSYSTEM\.jdks\corretto-20.0.2.1\bin\java.dll

Deoptimization events (0 events):
No events

Classes loaded (0 events):
No events

Classes unloaded (0 events):
No events

Classes redefined (0 events):
No events

Internal exceptions (0 events):
No events

VM Operations (0 events):
No events

Events (0 events):
No events


Dynamic libraries:
0x00007ff7dd820000 - 0x00007ff7dd82e000 	C:\Users\CMGSYSTEM\.jdks\corretto-20.0.2.1\bin\java.exe
0x00007fffc4670000 - 0x00007fffc4868000 	C:\Windows\SYSTEM32\ntdll.dll
0x00007fffc3e00000 - 0x00007fffc3ebf000 	C:\Windows\System32\KERNEL32.DLL
0x00007fffc1fa0000 - 0x00007fffc2296000 	C:\Windows\System32\KERNELBASE.dll
0x00007fffc2370000 - 0x00007fffc2470000 	C:\Windows\System32\ucrtbase.dll
0x00007fffbc680000 - 0x00007fffbc69b000 	C:\Users\CMGSYSTEM\.jdks\corretto-20.0.2.1\bin\VCRUNTIME140.dll
0x00007fffbc750000 - 0x00007fffbc767000 	C:\Users\CMGSYSTEM\.jdks\corretto-20.0.2.1\bin\jli.dll
0x00007fffc2bf0000 - 0x00007fffc2d8d000 	C:\Windows\System32\USER32.dll
0x00007fffabf00000 - 0x00007fffac19a000 	C:\Windows\WinSxS\amd64_microsoft.windows.common-controls_6595b64144ccf1df_6.0.19041.1110_none_60b5254171f9507e\COMCTL32.dll
0x00007fffc2340000 - 0x00007fffc2362000 	C:\Windows\System32\win32u.dll
0x00007fffc2f10000 - 0x00007fffc2fae000 	C:\Windows\System32\msvcrt.dll
0x00007fffc4640000 - 0x00007fffc466c000 	C:\Windows\System32\GDI32.dll
0x00007fffc2470000 - 0x00007fffc2585000 	C:\Windows\System32\gdi32full.dll
0x00007fffc22a0000 - 0x00007fffc233d000 	C:\Windows\System32\msvcp_win.dll
0x00007fffc4120000 - 0x00007fffc4150000 	C:\Windows\System32\IMM32.DLL
0x00007fffbc3d0000 - 0x00007fffbc3dc000 	C:\Users\CMGSYSTEM\.jdks\corretto-20.0.2.1\bin\vcruntime140_1.dll
0x00007fff984f0000 - 0x00007fff9857e000 	C:\Users\CMGSYSTEM\.jdks\corretto-20.0.2.1\bin\msvcp140.dll
0x00007fff699c0000 - 0x00007fff6a6c4000 	C:\Users\CMGSYSTEM\.jdks\corretto-20.0.2.1\bin\server\jvm.dll
0x00007fffc34c0000 - 0x00007fffc356f000 	C:\Windows\System32\ADVAPI32.dll
0x00007fffc3ed0000 - 0x00007fffc3f6c000 	C:\Windows\System32\sechost.dll
0x00007fffc3ff0000 - 0x00007fffc4116000 	C:\Windows\System32\RPCRT4.dll
0x00007fffa9b10000 - 0x00007fffa9b19000 	C:\Windows\SYSTEM32\WSOCK32.dll
0x00007fffc2d90000 - 0x00007fffc2dfb000 	C:\Windows\System32\WS2_32.dll
0x00007fffb5150000 - 0x00007fffb5177000 	C:\Windows\SYSTEM32\WINMM.dll
0x00007fffba240000 - 0x00007fffba24a000 	C:\Windows\SYSTEM32\VERSION.dll
0x00007fffbfc40000 - 0x00007fffbfc52000 	C:\Windows\SYSTEM32\kernel.appcore.dll
0x00007fffb7cd0000 - 0x00007fffb7cda000 	C:\Users\CMGSYSTEM\.jdks\corretto-20.0.2.1\bin\jimage.dll
0x00007fffb7e80000 - 0x00007fffb8064000 	C:\Windows\SYSTEM32\DBGHELP.DLL
0x00007fffae440000 - 0x00007fffae474000 	C:\Windows\SYSTEM32\dbgcore.DLL
0x00007fffc2590000 - 0x00007fffc2612000 	C:\Windows\System32\bcryptPrimitives.dll
0x00007fffb76d0000 - 0x00007fffb76de000 	C:\Users\CMGSYSTEM\.jdks\corretto-20.0.2.1\bin\instrument.dll
0x00007fffa86c0000 - 0x00007fffa86e6000 	C:\Users\CMGSYSTEM\.jdks\corretto-20.0.2.1\bin\java.dll

dbghelp: loaded successfully - version: 4.0.5 - missing functions: none
symbol engine: initialized successfully - sym options: 0x614 - pdb path: .;C:\Users\CMGSYSTEM\.jdks\corretto-20.0.2.1\bin;C:\Windows\SYSTEM32;C:\Windows\WinSxS\amd64_microsoft.windows.common-controls_6595b64144ccf1df_6.0.19041.1110_none_60b5254171f9507e;C:\Users\CMGSYSTEM\.jdks\corretto-20.0.2.1\bin\server

VM Arguments:
jvm_args: -XX:TieredStopAtLevel=1 -Dspring.output.ansi.enabled=always -Dcom.sun.management.jmxremote -Dspring.jmx.enabled=true -Dspring.liveBeansView.mbeanDomain -Dspring.application.admin.enabled=true -Dmanagement.endpoints.jmx.exposure.include=* -javaagent:C:\Program Files\JetBrains\IntelliJ IDEA 2023.2.5\lib\idea_rt.jar=58653:C:\Program Files\JetBrains\IntelliJ IDEA 2023.2.5\bin -Dfile.encoding=UTF-8 -Dsun.stdout.encoding=UTF-8 -Dsun.stderr.encoding=UTF-8 
java_command: com.example.backend.BackendApplication
java_class_path (initial): C:\Users\CMGSYSTEM\Documents\backend\backend\build\classes\java\main;C:\Users\CMGSYSTEM\Documents\backend\backend\build\resources\main;C:\Users\CMGSYSTEM\.gradle\caches\modules-2\files-2.1\org.springframework.boot\spring-boot-starter-data-jpa\3.2.0\6a8ad077a37f8a0cef6949dcfd91a9b2115cade\spring-boot-starter-data-jpa-3.2.0.jar;C:\Users\CMGSYSTEM\.gradle\caches\modules-2\files-2.1\org.springframework.boot\spring-boot-starter-web\3.2.0\e609f839e7c2ff9c90bc75d7c05dbcbb19315319\spring-boot-starter-web-3.2.0.jar;C:\Users\CMGSYSTEM\.gradle\caches\modules-2\files-2.1\org.springframework.boot\spring-boot-starter-webflux\3.2.0\9d64276d4b2aa0f95be74222580210d11c7ea65d\spring-boot-starter-webflux-3.2.0.jar;C:\Users\CMGSYSTEM\.gradle\caches\modules-2\files-2.1\org.springframework.boot\spring-boot-starter-aop\3.2.0\1c4e5498a0ae4c179d0c192e9b674ac656f3e0b9\spring-boot-starter-aop-3.2.0.jar;C:\Users\CMGSYSTEM\.gradle\caches\modules-2\files-2.1\org.springframework.boot\spring-boot-starter-jdbc\3.2.0\1ab4ef09c814142be2fafc6d40c9bc242921ca12\spring-boot-starter-jdbc-3.2.0.jar;C:\Users\CMGSYSTEM\.gradle\caches\modules-2\files-2.1\org.hibernate.orm\hibernate-core\6.3.1.Final\1101d7e09e4853a110fd27a6f35c906f5709ac4f\hibernate-core-6.3.1.Final.jar;C:\Users\CMGSYSTEM\.gradle\caches\modules-2\files-2.1\org.springframework.data\spring-data-jpa\3.2.0\59e49a0eca3d02c3dc593e7a881c19b932641894\spring-data-jpa-3.2.0.jar;C:\Users\CMGSYSTEM\.gradle\caches\modules-2\files-2.1\org.springframework\spring-aspects\6.1.1\bfcb6682e205b4ef6ae7986ac7ea35eae29f31f4\spring-aspects-6.1.1.jar;C:\Users\CMGSYSTEM\.gradle\caches\modules-2\files-2.1\org.springframework.boot\spring-boot-starter-json\3.2.0\e831483c03433b987cc9c72f8ea67757f9865191\spring-boot-starter-json-3.2.0.jar;C:\Users\CMGSYSTEM\.gradle\caches\modules-2\files-2.1\org.springframework.boot\spring-boot-starter\3.2.0\4d0cc70617a9febbbc6ad81562e930d93f7b2665\spring-boot-starter-3.2.0.jar;C:\Users\CMGSYSTEM\.gradle\caches\modules-2\files-2.1\org.springframework.boot\spring-boot-starter-tomcat\3.2.0\fc758099e394fe5646d9e36883fab38da4b26e22\spring-boot-starter-tomcat-3.2.0.jar;C:\Users\CMGSYSTEM\.gradle\caches\modules-2\files-2.1\org.springframework\spring-webmvc\6.1.1\76c4408b67828aa9656f5955dc2c1c4c0e1b6da3\spring-webmvc-6.1.1.jar;C:\Users\CMGSYSTEM\.gradle\caches\modules-2\files-2.1\org.springframework\spring-web\6.1.1\4eeb5f2edb9f04d00357edcc56b59d3874b3b453\spring-web-6.1.1.jar;C:\Users\CMGSYSTEM\.gradle\caches\modules-2\files-2.1\org.springframework\spring-webflux\6.1.1\57bdc41e83ab4dc443155ea9df0332bcc62e4527\spring-webflux-6.1.1.jar;C:\Users\CMGSYSTEM\.gradle\caches\modules-2\files-2.1\org.springframework.boot\spring-boot-starter-reactor-netty\3.2.0\a796f6617828501badfb6b46a389c0f9d17c82ad\spring-boot-starter-reactor-netty-3.2.0.jar;C:\Users\CMGSYSTEM\.gradle\caches\modules-2\files-2.1\org.springframework\spring-aop\6.1.1\66cb0e08770d4523ae3976b0b791cde767466c61\spring-aop-6.1.1.jar;C:\Users\CMGSYSTEM\.gradle\caches\modules-2\files-2.1\org.aspectj\aspectjweaver\1.9.20.1\33b0e41476658229933eec7134678cf336e66dd4\aspectjweaver-1.9.20.1.jar;C:\Users\CMGSYSTEM\.gradle\caches\modules-2\files-2.1\com.zaxxer\HikariCP\5.0.1\a74c7f0a37046846e88d54f7cb6ea6d565c65f9c\HikariCP-5.0.1.jar;C:\Users\CMGSYSTEM\.gradle\caches\modules-2\files-2.1\org.springframework\spring-jdbc\6.1.1\92f1f65c3d8ccee4a86cd8f85a446d99f2915833\spring-jdbc-6.1.1.jar;C:\Users\CMGSYSTEM\.gradle\caches\modules-2\files-2.1\jakarta.persistence\jakarta.persistence-api\3.1.0\66901fa1c373c6aff65c13791cc11da72060a8d6\jakarta.persistence-api-3.1.0.jar;C:\Users\CMGSYSTEM\.gradle\caches\modules-2\files-2.1\jakarta.transaction\jakarta.transaction-api\2.0.1\51a520e3fae406abb84e2e1148e6746ce3f80a1a\jakarta.transaction-api-2.0.1.jar;C:\Users\CMGSYSTEM\.gradle\caches\modules-2\files-2.1\org.springframework\spring-context\6.1.1\610d7dd3f62d22d42b993a201e3110649b68e17\spring-context-6.1.1.jar;C:\Users\CMGSYSTEM\.gradle\caches\modules-2\files-2.1\org.springframework\spring-orm\6.1.1\e9672bb788f74ed12f9ad9e2bf12eb9e4d7c8695\spring-orm-6.1.1.jar;C:\Users\CMGSYSTEM\.gradle\caches\modules-2\files-2.1\org.springframework.data\spring-data-commons\3.2.0\1c98c48b9fde0624337e19f3577fce20d19b78ea\spring-data-commons-3.2.0.jar;C:\Users\CMGSYSTEM\.gradle\caches\modules-2\files-2.1\org.springframework\spring-tx\6.1.1\100cf99c3e41b12eab810d780c0e6e3905c51c12\spring-tx-6.1.1.jar;C:\Users\CMGSYSTEM\.gradle\caches\modules-2\files-2.1\org.springframework\spring-beans\6.1.1\6af88af13193acf2197bc0a42f0ec4e5c481bfe9\spring-beans-6.1.1.jar;C:\Users\CMGSYSTEM\.gradle\caches\modules-2\files-2.1\org.springframework\spring-core\6.1.1\22d73bef97aff8a74a992716fe1aafc8f8a8a68d\spring-core-6.1.1.jar;C:\Users\CMGSYSTEM\.gradle\caches\modules-2\files-2.1\org.antlr\antlr4-runtime\4.10.1\10839f875928f59c622d675091d51a43ea0dc5f7\antlr4-runtime-4.10.1.jar;C:\Users\CMGSYSTEM\.gradle\caches\modules-2\files-2.1\jakarta.annotation\jakarta.annotation-api\2.1.1\48b9bda22b091b1f48b13af03fe36db3be6e1ae3\jakarta.annotation-api-2.1.1.jar;C:\Users\CMGSYSTEM\.gradle\caches\modules-2\files-2.1\org.slf4j\slf4j-api\2.0.9\7cf2726fdcfbc8610f9a71fb3ed639871f315340\slf4j-api-2.0.9.jar;C:\Users\CMGSYSTEM\.gradle\caches\modules-2\files-2.1\com.fasterxml.jackson.datatype\jackson-datatype-jsr310\2.15.3\4a20a0e104931bfa72f24ef358c2eb63f1ef2aaf\jackson-datatype-jsr310-2.15.3.jar;C:\Users\CMGSYSTEM\.gradle\caches\modules-2\files-2.1\com.fasterxml.jackson.module\jackson-module-parameter-names\2.15.3\8d251b90c5358677e7d8161e0c2488e6f84f49da\jackson-module-parameter-names-2.15.3.jar;C:\Users\CMGSYSTEM\.gradle\caches\modules-2\files-2.1\com.fasterxml.jackson.datatype\jackson-datatype-jdk8\2.15.3\80158cb020c7bd4e4ba94d8d752a65729dc943b2\jackson-datatype-jdk8-2.15.3.jar;C:\Users\CMGSYSTEM\.gradle\caches\modules-2\files-2.1\com.fasterxml.jackson.core\jackson-databind\2.15.3\a734bc2c47a9453c4efa772461a3aeb273c010d9\jackson-databind-2.15.3.jar;C:\Users\CMGSYSTEM\.gradle\caches\modules-2\files-2.1\org.springframework.boot\spring-boot-autoconfigure\3.2.0\29b231378146bd6606e75389297f3a7d55476b87\spring-boot-autoconfigure-3.2.0.jar;C:\Users\CMGSYSTEM\.gradle\caches\modules-2\files-2.1\org.springframework.boot\spring-boot\3.2.0\4088ad23df91481bc7415cbfa068c423ccb7e54e\spring-boot-3.2.0.jar;C:\Users\CMGSYSTEM\.gradle\caches\modules-2\files-2.1\org.springframework.boot\spring-boot-starter-logging\3.2.0\54998ab18f16e8d3a6e46c3d326f2de41c0b1ce0\spring-boot-starter-logging-3.2.0.jar;C:\Users\CMGSYSTEM\.gradle\caches\modules-2\files-2.1\org.yaml\snakeyaml\2.2\3af797a25458550a16bf89acc8e4ab2b7f2bfce0\snakeyaml-2.2.jar;C:\Users\CMGSYSTEM\.gradle\caches\modules-2\files-2.1\org.apache.tomcat.embed\tomcat-embed-websocket\10.1.16\5c372739ee9409b47c474d8d47d276a7cd9bc2b\tomcat-embed-websocket-10.1.16.jar;C:\Users\CMGSYSTEM\.gradle\caches\modules-2\files-2.1\org.apache.tomcat.embed\tomcat-embed-core\10.1.16\176162fb3998856a90436826034ffe5d25beaeb9\tomcat-embed-core-10.1.16.jar;C:\Users\CMGSYSTEM\.gradle\caches\modules-2\files-2.1\org.apache.tomcat.embed\tomcat-embed-el\10.1.16\f057e54bfffe99df7f0d04cd4e688e55bf8a0da5\tomcat-embed-el-10.1.16.jar;C:\Users\CMGSYSTEM\.gradle\caches\modules-2\files-2.1\org.springframework\spring-expression\6.1.1\807700a64cb055ed85af189d1fa0702bc0d2efba\spring-expression-6.1.1.jar;C:\Users\CMGSYSTEM\.gradle\caches\modules-2\files-2.1\io.micrometer\micrometer-observation\1.12.0\4f4981faa7968441d0092107df9b750e057374af\micrometer-observation-1.12.0.jar;C:\Users\CMGSYSTEM\.gradle\caches\modules-2\files-2.1\io.projectreactor\reactor-core\3.6.0\ac8c6923f46c0dff079133e010f0aa3132ccf1c2\reactor-core-3.6.0.jar;C:\Users\CMGSYSTEM\.gradle\caches\modules-2\files-2.1\io.projectreactor.netty\reactor-netty-http\1.1.13\c5af7bc746050d080891a5446cca2c96a0c51d03\reactor-netty-http-1.1.13.jar;C:\Users\CMGSYSTEM\.gradle\caches\modules-2\files-2.1\org.springframework\spring-jcl\6.1.1\69ebbf7bad707d34e81d00213c756bc6fcc31dd7\spring-jcl-6.1.1.jar;C:\Users\CMGSYSTEM\.gradle\caches\modules-2\files-2.1\com.fasterxml.jackson.core\jackson-annotations\2.15.3\79baf4e605eb3bbb60b1c475d44a7aecceea1d60\jackson-annotations-2.15.3.jar;C:\Users\CMGSYSTEM\.gradle\caches\modules-2\files-2.1\com.fasterxml.jackson.core\jackson-core\2.15.3\60d600567c1862840397bf9ff5a92398edc5797b\jackson-core-2.15.3.jar;C:\Users\CMGSYSTEM\.gradle\caches\modules-2\files-2.1\ch.qos.logback\logback-classic\1.4.11\54450c0c783e896a1a6d88c043bd2f1daba1c382\logback-classic-1.4.11.jar;C:\Users\CMGSYSTEM\.gradle\caches\modules-2\files-2.1\org.apache.logging.log4j\log4j-to-slf4j\2.21.1\d77b2ba81711ed596cd797cc2b5b5bd7409d841c\log4j-to-slf4j-2.21.1.jar;C:\Users\CMGSYSTEM\.gradle\caches\modules-2\files-2.1\org.slf4j\jul-to-slf4j\2.0.9\9ef7c70b248185845f013f49a33ff9ca65b7975\jul-to-slf4j-2.0.9.jar;C:\Users\CMGSYSTEM\.gradle\caches\modules-2\files-2.1\io.micrometer\micrometer-commons\1.12.0\2436654d439bd4ff6aad6419519357be8ba4f0d\micrometer-commons-1.12.0.jar;C:\Users\CMGSYSTEM\.gradle\caches\modules-2\files-2.1\org.reactivestreams\reactive-streams\1.0.4\3864a1320d97d7b045f729a326e1e077661f31b7\reactive-streams-1.0.4.jar;C:\Users\CMGSYSTEM\.gradle\caches\modules-2\files-2.1\io.projectreactor.netty\reactor-netty-core\1.1.13\faea23e582978a34f6a932b81e86206ec2314990\reactor-netty-core-1.1.13.jar;C:\Users\CMGSYSTEM\.gradle\caches\modules-2\files-2.1\io.netty\netty-codec-http2\4.1.101.Final\40590da6c615b852384542051330e9fd51d4c4b1\netty-codec-http2-4.1.101.Final.jar;C:\Users\CMGSYSTEM\.gradle\caches\modules-2\files-2.1\io.netty\netty-codec-http\4.1.101.Final\c648f863b301e3fc62d0de098ec61be7628b8ea2\netty-codec-http-4.1.101.Final.jar;C:\Users\CMGSYSTEM\.gradle\caches\modules-2\files-2.1\io.netty\netty-resolver-dns-native-macos\4.1.101.Final\645cbd6631dbd3cf9fdee7f9288e0dda0a2dc5a7\netty-resolver-dns-native-macos-4.1.101.Final-osx-x86_64.jar;C:\Users\CMGSYSTEM\.gradle\caches\modules-2\files-2.1\io.netty\netty-resolver-dns\4.1.101.Final\d3f503d7554cf25edc6b83b9b4724b240c6e91d5\netty-resolver-dns-4.1.101.Final.jar;C:\Users\CMGSYSTEM\.gradle\caches\modules-2\files-2.1\io.netty\netty-transport-native-epoll\4.1.101.Final\760f4aa3b9576f446d39b3886f4862d67428a1be\netty-transport-native-epoll-4.1.101.Final-linux-x86_64.jar;C:\Users\CMGSYSTEM\.gradle\caches\modules-2\files-2.1\ch.qos.logback\logback-core\1.4.11\2f9f280219a9922a74200eaf7138c4c17fb87c0f\logback-core-1.4.11.jar;C:\Users\CMGSYSTEM\.gradle\caches\modules-2\files-2.1\org.apache.logging.log4j\log4j-api\2.21.1\74c65e87b9ce1694a01524e192d7be989ba70486\log4j-api-2.21.1.jar;C:\Users\CMGSYSTEM\.gradle\caches\modules-2\files-2.1\io.netty\netty-handler-proxy\4.1.101.Final\c198ee61abba7ae6b3cb6b1033f04fb0ae79d512\netty-handler-proxy-4.1.101.Final.jar;C:\Users\CMGSYSTEM\.gradle\caches\modules-2\files-2.1\io.netty\netty-handler\4.1.101.Final\7800aea949bf95f63df73166d144e49405b279dd\netty-handler-4.1.101.Final.jar;C:\Users\CMGSYSTEM\.gradle\caches\modules-2\files-2.1\io.netty\netty-codec\4.1.101.Final\642523c57c4be15b8b461be7b1532262d193bbb3\netty-codec-4.1.101.Final.jar;C:\Users\CMGSYSTEM\.gradle\caches\modules-2\files-2.1\io.netty\netty-transport\4.1.101.Final\b36cc2337b4a4135df7ee2f2d77431c3b541dc5\netty-transport-4.1.101.Final.jar;C:\Users\CMGSYSTEM\.gradle\caches\modules-2\files-2.1\io.netty\netty-buffer\4.1.101.Final\a4d94fd6cdf7a37b15237e32434afd6b955cc591\netty-buffer-4.1.101.Final.jar;C:\Users\CMGSYSTEM\.gradle\caches\modules-2\files-2.1\io.netty\netty-common\4.1.101.Final\bdb16e4d308b5757123decc886896815d1daf7a3\netty-common-4.1.101.Final.jar;C:\Users\CMGSYSTEM\.gradle\caches\modules-2\files-2.1\io.netty\netty-resolver-dns-classes-macos\4.1.101.Final\218e9f59e1941282f2309570d338f54b05817212\netty-resolver-dns-classes-macos-4.1.101.Final.jar;C:\Users\CMGSYSTEM\.gradle\caches\modules-2\files-2.1\io.netty\netty-codec-dns\4.1.101.Final\24d0f4f2b0b0b55acc498d62f9c0921d0ea6da7b\netty-codec-dns-4.1.101.Final.jar;C:\Users\CMGSYSTEM\.gradle\caches\modules-2\files-2.1\io.netty\netty-resolver\4.1.101.Final\5e7eddfa4dfffcbd375d265d1fd08297df94f82f\netty-resolver-4.1.101.Final.jar;C:\Users\CMGSYSTEM\.gradle\caches\modules-2\files-2.1\io.netty\netty-transport-classes-epoll\4.1.101.Final\f86303830ab65680e45cabb531e37078ecc6791e\netty-transport-classes-epoll-4.1.101.Final.jar;C:\Users\CMGSYSTEM\.gradle\caches\modules-2\files-2.1\io.netty\netty-transport-native-unix-common\4.1.101.Final\d0697ef1d71c6111a1b18a387fa985fd6398ace2\netty-transport-native-unix-common-4.1.101.Final.jar;C:\Users\CMGSYSTEM\.gradle\caches\modules-2\files-2.1\io.netty\netty-codec-socks\4.1.101.Final\cbaac9e2c2d7b86e4c1bda220cde49949c9bcaee\netty-codec-socks-4.1.101.Final.jar;C:\Users\CMGSYSTEM\.gradle\caches\modules-2\files-2.1\org.springframework.boot\spring-boot-devtools\3.2.0\b8a547cba9b5ea40c1b2b0257bc0f19ebe4a0e17\spring-boot-devtools-3.2.0.jar;C:\Users\CMGSYSTEM\.gradle\caches\modules-2\files-2.1\com.mysql\mysql-connector-j\8.1.0\3f78d2963935f44a61edb3961a591cdc392c8941\mysql-connector-j-8.1.0.jar;C:\Users\CMGSYSTEM\.gradle\caches\modules-2\files-2.1\org.jboss.logging\jboss-logging\3.5.3.Final\c88fc1d8a96d4c3491f55d4317458ccad53ca663\jboss-logging-3.5.3.Final.jar;C:\Users\CMGSYSTEM\.gradle\caches\modules-2\files-2.1\org.hibernate.common\hibernate-commons-annotations\6.0.6.Final\77a5f94b56d49508e0ee334751db5b78e5ccd50c\hibernate-commons-annotations-6.0.6.Final.jar;C:\Users\CMGSYSTEM\.gradle\caches\modules-2\files-2.1\io.smallrye\jandex\3.1.2\a6c1c89925c7df06242b03dddb353116ceb9584c\jandex-3.1.2.jar;C:\Users\CMGSYSTEM\.gradle\caches\modules-2\files-2.1\com.fasterxml\classmate\1.6.0\91affab6f84a2182fce5dd72a8d01bc14346dddd\classmate-1.6.0.jar;C:\Users\CMGSYSTEM\.gradle\caches\modules-2\files-2.1\net.bytebuddy\byte-buddy\1.14.10\8117daf4a612122eb4f517f66adff778cb8b4737\byte-buddy-1.14.10.jar;C:\Users\CMGSYSTEM\.gradle\caches\modules-2\files-2.1\org.glassfish.jaxb\jaxb-runtime\4.0.4\7180c50ef8bd127bb1dd645458b906cffcf6c2b5\jaxb-runtime-4.0.4.jar;C:\Users\CMGSYSTEM\.gradle\caches\modules-2\files-2.1\jakarta.xml.bind\jakarta.xml.bind-api\4.0.1\ca2330866cbc624c7e5ce982e121db1125d23e15\jakarta.xml.bind-api-4.0.1.jar;C:\Users\CMGSYSTEM\.gradle\caches\modules-2\files-2.1\jakarta.inject\jakarta.inject-api\2.0.1\4c28afe1991a941d7702fe1362c365f0a8641d1e\jakarta.inject-api-2.0.1.jar;C:\Users\CMGSYSTEM\.gradle\caches\modules-2\files-2.1\org.glassfish.jaxb\jaxb-core\4.0.4\2d5aadd02af86f1e9d8c6f7e8501673f915d4e25\jaxb-core-4.0.4.jar;C:\Users\CMGSYSTEM\.gradle\caches\modules-2\files-2.1\jakarta.activation\jakarta.activation-api\2.1.2\640c0d5aff45dbff1e1a1bc09673ff3a02b1ba12\jakarta.activation-api-2.1.2.jar;C:\Users\CMGSYSTEM\.gradle\caches\modules-2\files-2.1\org.eclipse.angus\angus-activation\2.0.1\eaafaf4eb71b400e4136fc3a286f50e34a68ecb7\angus-activation-2.0.1.jar;C:\Users\CMGSYSTEM\.gradle\caches\modules-2\files-2.1\org.glassfish.jaxb\txw2\4.0.4\cfd2bcf08782673ac370694fdf2cf76dbaa607ef\txw2-4.0.4.jar;C:\Users\CMGSYSTEM\.gradle\caches\modules-2\files-2.1\com.sun.istack\istack-commons-runtime\4.1.2\18ec117c85f3ba0ac65409136afa8e42bc74e739\istack-commons-runtime-4.1.2.jar
Launcher Type: SUN_STANDARD

[Global flags]
     intx CICompilerCount                          = 4                                         {product} {ergonomic}
     uint ConcGCThreads                            = 2                                         {product} {ergonomic}
     uint G1ConcRefinementThreads                  = 8                                         {product} {ergonomic}
   size_t G1HeapRegionSize                         = 1048576                                   {product} {ergonomic}
    uintx GCDrainStackTargetSize                   = 64                                        {product} {ergonomic}
   size_t InitialHeapSize                          = 117440512                                 {product} {ergonomic}
     bool ManagementServer                         = true                                      {product} {command line}
   size_t MarkStackSize                            = 4194304                                   {product} {ergonomic}
   size_t MaxHeapSize                              = 1853882368                                {product} {ergonomic}
   size_t MinHeapDeltaBytes                        = 1048576                                   {product} {ergonomic}
   size_t MinHeapSize                              = 8388608                                   {product} {ergonomic}
    uintx NonProfiledCodeHeapSize                  = 0                                      {pd product} {ergonomic}
     bool ProfileInterpreter                       = false                                  {pd product} {command line}
    uintx ProfiledCodeHeapSize                     = 0                                      {pd product} {ergonomic}
   size_t SoftMaxHeapSize                          = 1853882368                             {manageable} {ergonomic}
     intx TieredStopAtLevel                        = 1                                         {product} {command line}
     bool UseCompressedClassPointers               = true                           {product lp64_product} {ergonomic}
     bool UseCompressedOops                        = true                           {product lp64_product} {ergonomic}
     bool UseG1GC                                  = true                                      {product} {ergonomic}
     bool UseLargePagesIndividualAllocation        = false                                  {pd product} {ergonomic}

Logging:
Log output configuration:
 #0: stdout all=warning uptime,level,tags foldmultilines=false
 #1: stderr all=off uptime,level,tags foldmultilines=false

Environment Variables:
PATH=C:\Python312\Scripts\;C:\Python312\;C:\Windows\system32;C:\Windows;C:\Windows\System32\Wbem;C:\Windows\System32\WindowsPowerShell\v1.0\;C:\Windows\System32\OpenSSH\;C:\Program Files\nodejs\;C:\ProgramData\chocolatey\bin;C:\Program Files\Git\cmd;C:\Program Files\MySQL\MySQL Shell 8.0\bin\;C:\Users\CMGSYSTEM\AppData\Roaming\npm;C:\Users\CMGSYSTEM\AppData\Local\Microsoft\WindowsApps;C:\Users\CMGSYSTEM\AppData\Local\Programs\Microsoft VS Code\bin;C:\Users\CMGSYSTEM\AppData\Local\GitHubDesktop\bin;C:\Users\CMGSYSTEM\Documents\GitHub\anguarRestDistribuidora\node_modules\.bin;
USERNAME=CMGSYSTEM
OS=Windows_NT
PROCESSOR_IDENTIFIER=AMD64 Family 23 Model 17 Stepping 0, AuthenticAMD
TMP=C:\Users\CMGSYSTEM\AppData\Local\Temp
TEMP=C:\Users\CMGSYSTEM\AppData\Local\Temp




---------------  S Y S T E M  ---------------

OS:
 Windows 10 , 64 bit Build 19041 (10.0.19041.3031)
OS uptime: 0 days 1:12 hours

CPU: total 8 (initial active 8) (8 cores per cpu, 2 threads per core) family 23 model 17 stepping 0 microcode 0x0, cx8, cmov, fxsr, ht, mmx, 3dnowpref, sse, sse2, sse3, ssse3, sse4a, sse4.1, sse4.2, popcnt, lzcnt, tsc, tscinvbit, avx, avx2, aes, clmul, bmi1, bmi2, adx, sha, fma, vzeroupper, clflush, clflushopt, rdtscp, f16c

Memory: 4k page, system-wide physical 7068M (309M free)
TotalPageFile size 17308M (AvailPageFile size 105M)
current process WorkingSet (physical memory assigned to process): 10M, peak: 10M
current process commit charge ("private bytes"): 55M, peak: 167M

vm_info: OpenJDK 64-Bit Server VM (20.0.2.1+10-FR) for windows-amd64 JRE (20.0.2.1+10-FR), built on 2023-08-19T09:18:31Z by "Administrator" with unknown MS VC++:1937

END.
